Created folder outputs/indicator_pragmatic/analysis/correlations
Building modal meaning space ...
done.
Generating expressions...
done.
Sampling languages ...
Saved 2000 sampled languages
done.
Adding gitksan
Adding javanese
Adding lillooet
Adding logoori
Adding tlingit
Saved 5 natural languages
Estimating pareto frontier ...
Sampling seed generation...
Saved 17757 sampled languages
Saved 55 dominant languages
done.
Measuring tradeoff ...
Loading all languages ...
sampled...
dominant...
natural...
17773 total langs.
Measuring languages for simplicity and informativeness...
Measuring min distance to frontier ...
Setting optimality ...
Saved 17773 sampled languages
Saved 144 dominant languages
Saved 5 natural languages
done.
Some random sampled data: 
              name  naturalness  simplicity  ...    Language  comm_cost complexity
0   sampled_lang_5     0.333333    0.837838  ...  artificial   0.645299         12
1   sampled_lang_5     0.666667    0.459459  ...  artificial   0.254749         40
2   sampled_lang_5     0.750000    0.729730  ...  artificial   0.690009         20
3  sampled_lang_62     0.285714    0.486486  ...  artificial   0.665178         38
4  sampled_lang_14     0.750000    0.783784  ...  artificial   0.439394         16
5   sampled_lang_5     0.000000    0.756757  ...  artificial   0.673298         18
6   sampled_lang_5     0.600000    0.675676  ...  artificial   0.397014         24
7   sampled_lang_5     0.833333    0.702703  ...  artificial   0.426266         22
8   sampled_lang_5     0.600000    0.648649  ...  artificial   0.600356         26
9   sampled_lang_5     0.750000    0.824324  ...  artificial   0.600641         13

[10 rows x 8 columns]

the natural languages
           name  naturalness  simplicity  ...  Language  comm_cost complexity
2171   javanese          1.0    0.729730  ...   natural   0.166667         20
5008    tlingit          1.0    0.729730  ...   natural   0.642857         20
6516    gitksan          1.0    0.783784  ...   natural   0.333333         16
9098   lillooet          1.0    0.810811  ...   natural   0.388889         14
10754   logoori          1.0    0.837838  ...   natural   0.533333         12

[5 rows x 8 columns]

IFF pearson correlations:
simplicity: 0.08295346471142397
informativity: 0.4964349228974868
optimality: 0.15766315198437666

MEANS
                  simplicity  informativity  optimality
name                                                   
natural_means       0.778378       0.586984    0.878745
population_means    0.751664       0.428348   -0.492301

TTEST STATS
   simplicity  informativity  optimality
0     1.23554       1.931411   23.505514

