000 (43088.000.000) 04/24 19:26:58 Job submitted from host: <192.168.100.49:9618?addrs=192.168.100.49-9618&noUDP&sock=2478170_12b9_3>
...
001 (43088.000.000) 04/24 19:26:59 Job executing on host: <192.168.100.52:9618?addrs=192.168.100.52-9618&noUDP&sock=1070130_bfb6_4>
...
006 (43088.000.000) 04/24 19:26:59 Image size of job updated: 1
	0  -  MemoryUsage of job (MB)
	0  -  ResidentSetSize of job (KB)
...
005 (43088.000.000) 04/24 19:26:59 Job terminated.
	(1) Normal termination (return value 1)
		Usr 0 00:00:00, Sys 0 00:00:00  -  Run Remote Usage
		Usr 0 00:00:00, Sys 0 00:00:00  -  Run Local Usage
		Usr 0 00:00:00, Sys 0 00:00:00  -  Total Remote Usage
		Usr 0 00:00:00, Sys 0 00:00:00  -  Total Local Usage
	0  -  Run Bytes Sent By Job
	0  -  Run Bytes Received By Job
	0  -  Total Bytes Sent By Job
	0  -  Total Bytes Received By Job
	Partitionable Resources :    Usage  Request Allocated
	   Cpus                 :                 1         1
	   Disk (KB)            :        1        1    465402
	   Memory (MB)          :        0     2048      2048
...
000 (43090.000.000) 04/24 19:29:33 Job submitted from host: <192.168.100.49:9618?addrs=192.168.100.49-9618&noUDP&sock=2478170_12b9_3>
...
001 (43090.000.000) 04/24 19:29:39 Job executing on host: <192.168.100.52:9618?addrs=192.168.100.52-9618&noUDP&sock=1070130_bfb6_4>
...
006 (43090.000.000) 04/24 19:29:48 Image size of job updated: 106756
	92  -  MemoryUsage of job (MB)
	94040  -  ResidentSetSize of job (KB)
...
006 (43090.000.000) 04/24 19:34:23 Image size of job updated: 974288
	92  -  MemoryUsage of job (MB)
	94040  -  ResidentSetSize of job (KB)
...
005 (43090.000.000) 04/24 19:34:23 Job terminated.
	(1) Normal termination (return value 0)
		Usr 0 00:04:31, Sys 0 00:00:04  -  Run Remote Usage
		Usr 0 00:00:00, Sys 0 00:00:00  -  Run Local Usage
		Usr 0 00:04:31, Sys 0 00:00:04  -  Total Remote Usage
		Usr 0 00:00:00, Sys 0 00:00:00  -  Total Local Usage
	0  -  Run Bytes Sent By Job
	0  -  Run Bytes Received By Job
	0  -  Total Bytes Sent By Job
	0  -  Total Bytes Received By Job
	Partitionable Resources :    Usage  Request Allocated
	   Cpus                 :                 1         1
	   Disk (KB)            :        1        1    465402
	   Memory (MB)          :       92     2048      2048
...
000 (43098.000.000) 04/24 19:49:10 Job submitted from host: <192.168.100.49:9618?addrs=192.168.100.49-9618&noUDP&sock=2478170_12b9_3>
...
001 (43098.000.000) 04/24 19:49:29 Job executing on host: <192.168.100.52:9618?addrs=192.168.100.52-9618&noUDP&sock=1070130_bfb6_4>
...
006 (43098.000.000) 04/24 19:49:37 Image size of job updated: 94888
	89  -  MemoryUsage of job (MB)
	90908  -  ResidentSetSize of job (KB)
...
006 (43098.000.000) 04/24 19:54:37 Image size of job updated: 1052548
	1006  -  MemoryUsage of job (MB)
	1029820  -  ResidentSetSize of job (KB)
...
006 (43098.000.000) 04/24 19:59:38 Image size of job updated: 1989368
	1921  -  MemoryUsage of job (MB)
	1966640  -  ResidentSetSize of job (KB)
...
006 (43098.000.000) 04/24 20:04:39 Image size of job updated: 2911440
	2822  -  MemoryUsage of job (MB)
	2888712  -  ResidentSetSize of job (KB)
...
006 (43098.000.000) 04/24 20:09:39 Image size of job updated: 5712708
	5557  -  MemoryUsage of job (MB)
	5689980  -  ResidentSetSize of job (KB)
...
006 (43098.000.000) 04/24 20:24:41 Image size of job updated: 6849624
	6664  -  MemoryUsage of job (MB)
	6823296  -  ResidentSetSize of job (KB)
...
005 (43098.000.000) 04/24 20:27:47 Job terminated.
	(1) Normal termination (return value 0)
		Usr 0 00:37:44, Sys 0 00:00:24  -  Run Remote Usage
		Usr 0 00:00:00, Sys 0 00:00:00  -  Run Local Usage
		Usr 0 00:37:44, Sys 0 00:00:24  -  Total Remote Usage
		Usr 0 00:00:00, Sys 0 00:00:00  -  Total Local Usage
	0  -  Run Bytes Sent By Job
	0  -  Run Bytes Received By Job
	0  -  Total Bytes Sent By Job
	0  -  Total Bytes Received By Job
	Partitionable Resources :    Usage  Request Allocated
	   Cpus                 :                 1         1
	   Disk (KB)            :        1        1    465402
	   Memory (MB)          :     6664     2048      2048
...
