Building modal meaning space ...
done.
Generating expressions ...
done.
Sampling languages ...
Enumerating 63 languages of word amount 1
Sampling 200 languages of size 2
Sampling 200 languages of size 3
Sampling 200 languages of size 4
Sampling 200 languages of size 5
Sampling 200 languages of size 6
Sampling 200 languages of size 7
Sampling 200 languages of size 8
Sampling 200 languages of size 9
Sampling 200 languages of size 10
Saved 1863 languages
done.
Saved 5 languages
Estimating pareto frontier ...
Sampling 20 languages of size 1
Sampling 20 languages of size 2
Sampling 20 languages of size 3
Sampling 20 languages of size 4
Sampling 20 languages of size 5
Sampling 20 languages of size 6
Sampling 20 languages of size 7
Sampling 20 languages of size 8
Sampling 20 languages of size 9
Sampling 20 languages of size 10
Saved 20183 languages
done.
Analyzing ...
Loading all languages ...
21538 total langs...
Measuring languages for simplicity and informativeness...
Measuring min distance to frontier ...
Setting optimality ...
Saved 21538 languages
Saved 1267 languages
Saved 5 languages
done.
